Traceback (most recent call last):
  File "/opt/hostedtoolcache/Python/3.11.5/x64/lib/python3.11/site-packages/jupyter_cache/executors/utils.py", line 58, in single_nb_execution
    executenb(
  File "/opt/hostedtoolcache/Python/3.11.5/x64/lib/python3.11/site-packages/nbclient/client.py", line 1305, in execute
    return NotebookClient(nb=nb, resources=resources, km=km, **kwargs).execute()
           ^^^^^^^^^^^^^^^^^^^^^^^^^^^^^^^^^^^^^^^^^^^^^^^^^^^^^^^^^^^^^^^^^^^^^
  File "/opt/hostedtoolcache/Python/3.11.5/x64/lib/python3.11/site-packages/jupyter_core/utils/__init__.py", line 166, in wrapped
    return loop.run_until_complete(inner)
           ^^^^^^^^^^^^^^^^^^^^^^^^^^^^^^
  File "/opt/hostedtoolcache/Python/3.11.5/x64/lib/python3.11/asyncio/base_events.py", line 653, in run_until_complete
    return future.result()
           ^^^^^^^^^^^^^^^
  File "/opt/hostedtoolcache/Python/3.11.5/x64/lib/python3.11/site-packages/nbclient/client.py", line 705, in async_execute
    await self.async_execute_cell(
  File "/opt/hostedtoolcache/Python/3.11.5/x64/lib/python3.11/site-packages/nbclient/client.py", line 1058, in async_execute_cell
    await self._check_raise_for_error(cell, cell_index, exec_reply)
  File "/opt/hostedtoolcache/Python/3.11.5/x64/lib/python3.11/site-packages/nbclient/client.py", line 914, in _check_raise_for_error
    raise CellExecutionError.from_cell_and_msg(cell, exec_reply_content)
nbclient.exceptions.CellExecutionError: An error occurred while executing the following cell:
------------------
from sklearn.model_selection import train_test_split

scaler = StandardScaler()
scaler.fit(X)

X_train, X_test, y_train, y_test = train_test_split(X, y)

X_train_scaled = scaler.transform(X_train)
X_test_scaled = scaler.transform(X_test)

clf.fit(X_train_scaled, y_train)
clf.predict(X_test_scaled)
------------------


[0;31m---------------------------------------------------------------------------[0m
[0;31mValueError[0m                                Traceback (most recent call last)
Cell [0;32mIn[3], line 11[0m
[1;32m      8[0m X_train_scaled [38;5;241m=[39m scaler[38;5;241m.[39mtransform(X_train)
[1;32m      9[0m X_test_scaled [38;5;241m=[39m scaler[38;5;241m.[39mtransform(X_test)
[0;32m---> 11[0m [43mclf[49m[38;5;241;43m.[39;49m[43mfit[49m[43m([49m[43mX_train_scaled[49m[43m,[49m[43m [49m[43my_train[49m[43m)[49m
[1;32m     12[0m clf[38;5;241m.[39mpredict(X_test_scaled)

File [0;32m/opt/hostedtoolcache/Python/3.11.5/x64/lib/python3.11/site-packages/sklearn/base.py:1152[0m, in [0;36m_fit_context.<locals>.decorator.<locals>.wrapper[0;34m(estimator, *args, **kwargs)[0m
[1;32m   1145[0m     estimator[38;5;241m.[39m_validate_params()
[1;32m   1147[0m [38;5;28;01mwith[39;00m config_context(
[1;32m   1148[0m     skip_parameter_validation[38;5;241m=[39m(
[1;32m   1149[0m         prefer_skip_nested_validation [38;5;129;01mor[39;00m global_skip_validation
[1;32m   1150[0m     )
[1;32m   1151[0m ):
[0;32m-> 1152[0m     [38;5;28;01mreturn[39;00m [43mfit_method[49m[43m([49m[43mestimator[49m[43m,[49m[43m [49m[38;5;241;43m*[39;49m[43margs[49m[43m,[49m[43m [49m[38;5;241;43m*[39;49m[38;5;241;43m*[39;49m[43mkwargs[49m[43m)[49m

File [0;32m/opt/hostedtoolcache/Python/3.11.5/x64/lib/python3.11/site-packages/sklearn/svm/_base.py:199[0m, in [0;36mBaseLibSVM.fit[0;34m(self, X, y, sample_weight)[0m
[1;32m    189[0m [38;5;28;01melse[39;00m:
[1;32m    190[0m     X, y [38;5;241m=[39m [38;5;28mself[39m[38;5;241m.[39m_validate_data(
[1;32m    191[0m         X,
[1;32m    192[0m         y,
[0;32m   (...)[0m
[1;32m    196[0m         accept_large_sparse[38;5;241m=[39m[38;5;28;01mFalse[39;00m,
[1;32m    197[0m     )
[0;32m--> 199[0m y [38;5;241m=[39m [38;5;28;43mself[39;49m[38;5;241;43m.[39;49m[43m_validate_targets[49m[43m([49m[43my[49m[43m)[49m
[1;32m    201[0m sample_weight [38;5;241m=[39m np[38;5;241m.[39masarray(
[1;32m    202[0m     [] [38;5;28;01mif[39;00m sample_weight [38;5;129;01mis[39;00m [38;5;28;01mNone[39;00m [38;5;28;01melse[39;00m sample_weight, dtype[38;5;241m=[39mnp[38;5;241m.[39mfloat64
[1;32m    203[0m )
[1;32m    204[0m solver_type [38;5;241m=[39m LIBSVM_IMPL[38;5;241m.[39mindex([38;5;28mself[39m[38;5;241m.[39m_impl)

File [0;32m/opt/hostedtoolcache/Python/3.11.5/x64/lib/python3.11/site-packages/sklearn/svm/_base.py:747[0m, in [0;36mBaseSVC._validate_targets[0;34m(self, y)[0m
[1;32m    745[0m [38;5;28mself[39m[38;5;241m.[39mclass_weight_ [38;5;241m=[39m compute_class_weight([38;5;28mself[39m[38;5;241m.[39mclass_weight, classes[38;5;241m=[39m[38;5;28mcls[39m, y[38;5;241m=[39my_)
[1;32m    746[0m [38;5;28;01mif[39;00m [38;5;28mlen[39m([38;5;28mcls[39m) [38;5;241m<[39m [38;5;241m2[39m:
[0;32m--> 747[0m     [38;5;28;01mraise[39;00m [38;5;167;01mValueError[39;00m(
[1;32m    748[0m         [38;5;124m"[39m[38;5;124mThe number of classes has to be greater than one; got [39m[38;5;132;01m%d[39;00m[38;5;124m class[39m[38;5;124m"[39m
[1;32m    749[0m         [38;5;241m%[39m [38;5;28mlen[39m([38;5;28mcls[39m)
[1;32m    750[0m     )
[1;32m    752[0m [38;5;28mself[39m[38;5;241m.[39mclasses_ [38;5;241m=[39m [38;5;28mcls[39m
[1;32m    754[0m [38;5;28;01mreturn[39;00m np[38;5;241m.[39masarray(y, dtype[38;5;241m=[39mnp[38;5;241m.[39mfloat64, order[38;5;241m=[39m[38;5;124m"[39m[38;5;124mC[39m[38;5;124m"[39m)

[0;31mValueError[0m: The number of classes has to be greater than one; got 1 class

